<?xml version="1.0" encoding="UTF-8"?>
<!-- Generated by org.testng.reporters.JUnitReportReporter -->
<testsuite hostname="WIN106401" failures="0" tests="2" name="testRunner.MainRunner" time="198.946" errors="0" timestamp="13 Jul 2019 02:05:40 GMT">
  <testcase classname="testRunner.MainRunner" name="feature" time="30.477"/>
  <testcase classname="testRunner.MainRunner" name="feature" time="168.469"/>
</testsuite> <!-- testRunner.MainRunner -->
