<?xml version="1.0" encoding="UTF-8"?>
<!-- Generated by org.testng.reporters.JUnitReportReporter -->
<testsuite hostname="WIN106401" failures="0" tests="2" name="testRunner.MainRunner" time="132.730" errors="0" timestamp="10 Jul 2019 22:33:46 GMT">
  <testcase classname="testRunner.MainRunner" name="feature" time="98.146"/>
  <testcase classname="testRunner.MainRunner" name="feature" time="34.584"/>
</testsuite> <!-- testRunner.MainRunner -->
